<?xml version="1.0" encoding="UTF-8"?>
<!-- Generated by org.testng.reporters.JUnitReportReporter -->
<testsuite hostname="LAPTOP-1DFEHDTV" failures="0" tests="1" name="testCases.TC001_AccountRegisterationTest" time="2.871" errors="0" timestamp="2025-09-08T20:19:28 IST" skipped="0">
  <testcase classname="testCases.TC001_AccountRegisterationTest" name="LoginTest" time="2.871"/>
  <system-out/>
</testsuite> <!-- testCases.TC001_AccountRegisterationTest -->
