<?xml version="1.0" encoding="UTF-8"?>
<!-- Generated by org.testng.reporters.JUnitReportReporter -->
<testsuite hostname="LTIN496188" failures="0" tests="1" name="testCases.TC002_LoginTest" time="1.887" errors="0" timestamp="2025-09-08T14:37:11 IST" skipped="0">
  <testcase classname="testCases.TC002_LoginTest" name="verify_Login" time="1.887"/>
  <system-out/>
</testsuite> <!-- testCases.TC002_LoginTest -->
