<?xml version="1.0" encoding="UTF-8"?>
<!-- Generated by org.testng.reporters.JUnitReportReporter -->
<testsuite hostname="LAPTOP-1DFEHDTV" failures="0" tests="1" name="testCases.TC001_LoginTest" time="0.529" errors="0" timestamp="2025-09-04T20:46:31 IST" skipped="0">
  <testcase classname="testCases.TC001_LoginTest" name="verify_Login" time="0.529"/>
  <system-out/>
</testsuite> <!-- testCases.TC001_LoginTest -->
